Arguments: 
  C:\Program Files\nodejs\node.exe C:\Users\niraj\AppData\Roaming\npm\node_modules\yarn\bin\yarn.js add express dotenv mongoose passport passport-google-oauth20 express-session coockie-parser cors

PATH: 
  C:\Program Files\PowerShell\7;C:\Python311\Scripts\;C:\Python311\;C:\Windows\system32;C:\Windows;C:\Windows\System32\Wbem;C:\Windows\System32\WindowsPowerShell\v1.0\;C:\Windows\System32\OpenSSH\;C:\Program Files\nodejs\;C:\Program Files\Go\bin;C:\Program Files\Neovim\bin;C:\ProgramData\chocolatey\bin;C:\Program Files\Git\cmd;C:\Program Files\PowerShell\7\;C:\Users\niraj\AppData\Local\Microsoft\WindowsApps;C:\Users\niraj\AppData\Local\Programs\oh-my-posh\bin;C:\Users\niraj\AppData\Local\Programs\Microsoft VS Code\bin;C:\Users\niraj\AppData\Roaming\npm;C:\Program Files\JetBrains\WebStorm 2022.2.3\bin;C:\Users\niraj\go\bin;C:\Program Files\JetBrains\PyCharm Community Edition 2022.2.4\bin;C:\src\tools\flutter\bin

Yarn version: 
  1.22.19

Node version: 
  16.17.1

Platform: 
  win32 x64

Trace: 
  Error: https://registry.yarnpkg.com/coockie-parser: Not found
      at Request.params.callback [as _callback] (C:\Users\niraj\AppData\Roaming\npm\node_modules\yarn\lib\cli.js:66145:18)
      at Request.self.callback (C:\Users\niraj\AppData\Roaming\npm\node_modules\yarn\lib\cli.js:140890:22)
      at Request.emit (node:events:513:28)
      at Request.<anonymous> (C:\Users\niraj\AppData\Roaming\npm\node_modules\yarn\lib\cli.js:141862:10)
      at Request.emit (node:events:513:28)
      at IncomingMessage.<anonymous> (C:\Users\niraj\AppData\Roaming\npm\node_modules\yarn\lib\cli.js:141784:12)
      at Object.onceWrapper (node:events:627:28)
      at IncomingMessage.emit (node:events:525:35)
      at endReadableNT (node:internal/streams/readable:1358:12)
      at processTicksAndRejections (node:internal/process/task_queues:83:21)

npm manifest: 
  {
    "name": "uphar_gruh_express",
    "version": "1.0.0",
    "main": "index.js",
    "license": "MIT"
  }

yarn manifest: 
  No manifest

Lockfile: 
  No lockfile
